g:\work\programming\cppprograms\cppprograms\debug\vc140.pdb
g:\work\programming\cppprograms\cppprograms\debug\vc140.idb
g:\work\programming\cppprograms\cppprograms\debug\1_rupsaandthegame.obj
g:\work\programming\cppprograms\cppprograms\debug\2_charuandballs.obj
g:\work\programming\cppprograms\cppprograms\debug\day1.obj
g:\work\programming\cppprograms\cppprograms\debug\practice.obj
g:\work\programming\cppprograms\cppprograms\debug\question_1.obj
g:\work\programming\cppprograms\cppprograms\debug\question_2.obj
g:\work\programming\cppprograms\cppprograms\debug\source.obj
g:\work\programming\cppprograms\cppprograms\debug\upanddown.obj
g:\work\programming\cppprograms\cppprograms\debug\source2.obj
g:\work\programming\cppprograms\cppprograms\debug\source4.obj
g:\work\programming\cppprograms\cppprograms\debug\source5.obj
g:\work\programming\cppprograms\cppprograms\debug\homedelivery.obj
g:\work\programming\cppprograms\cppprograms\debug\linklist.obj
g:\work\programming\cppprograms\cppprograms\debug\stackwitharray.obj
g:\work\programming\cppprograms\cppprograms\debug\stackwithlinklist.obj
g:\work\programming\cppprograms\cppprograms\debug\infixtopostfixgeekforgeek.obj
g:\work\programming\cppprograms\cppprograms\debug\evalutionofpostfixgeekforgeek.obj
g:\work\programming\cppprograms\cppprograms\debug\reverseofstringusingstack.obj
g:\work\programming\cppprograms\cppprograms\debug\bst1.obj
g:\work\programming\cppprograms\cppprograms\debug\bstdeletion.obj
g:\work\programming\cppprograms\cppprograms\debug\linklistwithclass.obj
g:\work\programming\cppprograms\cppprograms\debug\binary.obj
g:\work\programming\cppprograms\cppprograms\debug\selectionsort.obj
g:\work\programming\cppprograms\cppprograms\debug\bubblesort.obj
g:\work\programming\cppprograms\cppprograms\debug\insertionsort.obj
g:\work\programming\cppprograms\cppprograms\debug\meargesort.obj
g:\work\programming\cppprograms\cppprograms\debug\practice1.obj
g:\work\programming\cppprograms\cppprograms\debug\time.obj
g:\work\programming\cppprograms\debug\cppprograms.ilk
g:\work\programming\cppprograms\debug\cppprograms.exe
g:\work\programming\cppprograms\debug\cppprograms.pdb
g:\work\programming\cppprograms\cppprograms\debug\source1.obj
g:\work\programming\cppprograms\cppprograms\debug\cppprograms.tlog\cl.command.1.tlog
g:\work\programming\cppprograms\cppprograms\debug\cppprograms.tlog\cl.read.1.tlog
g:\work\programming\cppprograms\cppprograms\debug\cppprograms.tlog\cl.write.1.tlog
g:\work\programming\cppprograms\cppprograms\debug\cppprograms.tlog\link.command.1.tlog
g:\work\programming\cppprograms\cppprograms\debug\cppprograms.tlog\link.read.1.tlog
g:\work\programming\cppprograms\cppprograms\debug\cppprograms.tlog\link.write.1.tlog
